TN:
SF:script/Staking.s.sol
DA:12,0
FN:12,StakingContractScript.setUp
FNDA:0,StakingContractScript.setUp
DA:13,0
DA:16,0
FN:16,StakingContractScript.run
FNDA:0,StakingContractScript.run
DA:17,0
DA:20,0
DA:27,0
DA:30,0
FNF:2
FNH:0
LF:7
LH:0
BRF:0
BRH:0
end_of_record
TN:
SF:src/MockERC20.sol
DA:7,68
FN:7,MockERC20.constructor
FNDA:68,MockERC20.constructor
DA:8,68
FNF:1
FNH:1
LF:2
LH:2
BRF:0
BRH:0
end_of_record
TN:
SF:src/StakingContract.sol
DA:87,73
FN:87,StakingContract.initialize
FNDA:73,StakingContract.initialize
DA:88,73
BRDA:88,0,0,1
DA:89,72
BRDA:89,1,0,1
DA:90,71
BRDA:90,2,0,1
DA:91,70
BRDA:91,3,0,1
DA:93,69
DA:94,69
DA:96,69
DA:97,69
DA:98,69
DA:99,69
DA:101,69
DA:103,69
BRDA:103,4,0,69
DA:104,68
DA:105,1
BRDA:105,4,1,1
DA:106,1
DA:109,69
DA:110,69
DA:117,1
FN:117,StakingContract._authorizeUpgrade
FNDA:1,StakingContract._authorizeUpgrade
DA:126,290741
FN:126,StakingContract.stake
FNDA:290741,StakingContract.stake
DA:131,290740
DA:132,290740
BRDA:132,5,0,976
DA:134,289764
BRDA:134,6,0,242438
DA:136,242438
DA:137,242438
DA:141,289764
DA:142,289764
DA:143,289764
DA:146,289764
DA:149,289764
DA:150,289762
DA:157,146459
FN:157,StakingContract.unstake
FNDA:146459,StakingContract.unstake
DA:158,146458
DA:160,146458
BRDA:160,7,0,1
DA:162,146457
BRDA:162,8,0,1001
DA:165,145456
DA:166,145456
DA:169,145456
DA:170,145456
DA:173,145456
BRDA:173,9,0,4471
BRDA:173,9,1,140985
DA:174,4471
DA:176,140985
DA:180,145456
DA:183,145456
DA:186,145455
DA:192,314449
FN:192,StakingContract.claimRewards
FNDA:314449,StakingContract.claimRewards
DA:193,314448
DA:195,314448
BRDA:195,10,0,1
DA:198,314447
DA:200,314446
DA:203,314446
BRDA:203,11,0,1
DA:206,314445
DA:207,314445
DA:210,314445
DA:213,314445
DA:214,314445
BRDA:214,12,0,1
DA:216,314444
DA:220,314444
DA:223,314443
DA:231,2
FN:231,StakingContract.emergencyUnstake
FNDA:2,StakingContract.emergencyUnstake
DA:232,2
BRDA:232,13,0,1
DA:233,1
DA:234,1
BRDA:234,14,0,-
DA:237,1
DA:238,1
DA:239,1
BRDA:239,15,0,-
DA:240,0
DA:242,1
DA:244,1
DA:245,1
DA:253,355707
FN:253,StakingContract.calculateRewards
FNDA:355707,StakingContract.calculateRewards
DA:255,1058049
DA:256,1058049
BRDA:256,16,0,2419
DA:257,2419
DA:261,1055630
DA:262,1055630
DA:264,1055630
DA:267,1055630
DA:268,1055630
DA:271,1055630
BRDA:271,17,0,1054618
BRDA:271,17,1,1012
DA:272,1054618
DA:273,1054618
DA:277,1012
DA:278,1012
DA:280,2029
DA:282,1017
DA:284,1017
BRDA:284,18,0,1012
BRDA:284,18,1,5
DA:286,1012
DA:289,5
DA:293,1012
DA:294,1012
DA:297,1055630
DA:298,1055630
DA:301,1055630
DA:302,7
DA:305,7
DA:306,7
DA:307,7
DA:309,7
DA:310,7
DA:315,1055630
DA:316,1055630
DA:317,1055630
DA:320,1055628
DA:329,1
FN:329,StakingContract.getTotalRewards
FNDA:1,StakingContract.getTotalRewards
DA:330,1
DA:338,1014
FN:338,StakingContract.updateRewardRate
FNDA:1014,StakingContract.updateRewardRate
DA:339,1013
BRDA:339,19,0,1
DA:340,1012
DA:341,1012
DA:345,1012
DA:353,1003
FN:353,StakingContract.updateMinimumStakeAmount
FNDA:1003,StakingContract.updateMinimumStakeAmount
DA:354,1002
BRDA:354,20,0,1
DA:355,1001
DA:356,1001
DA:364,1002
FN:364,StakingContract.updateStakingPeriod
FNDA:1002,StakingContract.updateStakingPeriod
DA:365,1001
BRDA:365,21,0,-
DA:366,1001
DA:367,1001
DA:374,1
FN:374,StakingContract.setEmergencyWithdrawalsEnabled
FNDA:1,StakingContract.setEmergencyWithdrawalsEnabled
DA:375,1
DA:376,1
DA:383,8
FN:383,StakingContract.pause
FNDA:8,StakingContract.pause
DA:384,8
DA:391,0
FN:391,StakingContract.unpause
FNDA:0,StakingContract.unpause
DA:392,0
DA:401,73
FN:401,StakingContract.fundRewardReserve
FNDA:73,StakingContract.fundRewardReserve
DA:402,73
BRDA:402,22,0,1
DA:404,72
DA:405,72
DA:407,72
DA:416,5
FN:416,StakingContract.withdrawFromRewardReserve
FNDA:5,StakingContract.withdrawFromRewardReserve
DA:417,5
BRDA:417,23,0,1
DA:418,4
BRDA:418,24,0,1
DA:420,3
DA:421,3
BRDA:421,25,0,1
DA:424,2
DA:427,2
DA:428,2
DA:437,4
FN:437,StakingContract.withdrawExcessTokens
FNDA:4,StakingContract.withdrawExcessTokens
DA:438,4
BRDA:438,26,0,1
DA:439,3
BRDA:439,27,0,1
DA:441,2
DA:442,2
DA:444,2
BRDA:444,28,0,1
DA:445,1
DA:447,1
BRDA:447,29,0,1
DA:449,1
DA:450,1
DA:457,2
FN:457,StakingContract.contractBalance
FNDA:2,StakingContract.contractBalance
DA:458,2
DA:465,1008
FN:465,StakingContract.initiateEmergencyWithdraw
FNDA:1008,StakingContract.initiateEmergencyWithdraw
DA:466,5
DA:467,5
DA:474,1008
FN:474,StakingContract.emergencyWithdraw
FNDA:1008,StakingContract.emergencyWithdraw
DA:476,5
DA:477,5
BRDA:477,30,0,2
DA:480,3
DA:483,3
DA:484,3
DA:485,2
FNF:20
FNH:19
LF:161
LH:158
BRF:35
BRH:32
end_of_record
TN:
SF:src/initial/StakingContractInitial.sol
DA:37,0
FN:37,StakingContractInitial.onlyOwner
FNDA:0,StakingContractInitial.onlyOwner
DA:38,0
BRDA:38,0,0,-
BRDA:38,0,1,-
DA:42,0
FN:42,StakingContractInitial.constructor
FNDA:0,StakingContractInitial.constructor
DA:44,0
DA:45,0
DA:46,0
DA:47,0
DA:48,0
DA:55,0
FN:55,StakingContractInitial.stake
FNDA:0,StakingContractInitial.stake
DA:58,0
BRDA:58,1,0,-
BRDA:58,1,1,-
DA:59,0
BRDA:59,2,0,-
BRDA:59,2,1,-
DA:65,0
DA:67,0
BRDA:67,3,0,-
BRDA:67,3,1,-
DA:69,0
DA:70,0
DA:75,0
DA:76,0
DA:79,0
DA:80,0
DA:82,0
DA:89,0
FN:89,StakingContractInitial.unstake
FNDA:0,StakingContractInitial.unstake
DA:91,0
BRDA:91,4,0,-
BRDA:91,4,1,-
DA:92,0
BRDA:92,5,0,-
BRDA:92,5,1,-
DA:93,0
BRDA:93,6,0,-
BRDA:93,6,1,-
DA:96,0
DA:97,0
DA:100,0
DA:101,0
DA:104,0
BRDA:104,7,0,-
BRDA:104,7,1,-
DA:105,0
DA:106,0
DA:108,0
DA:113,0
DA:114,0
DA:120,0
FN:120,StakingContractInitial.claimRewards
FNDA:0,StakingContractInitial.claimRewards
DA:123,0
BRDA:123,8,0,-
BRDA:123,8,1,-
DA:125,0
DA:126,0
DA:128,0
BRDA:128,9,0,-
BRDA:128,9,1,-
DA:131,0
DA:132,0
DA:136,0
DA:137,0
DA:145,0
FN:145,StakingContractInitial.calculateRewards
FNDA:0,StakingContractInitial.calculateRewards
DA:146,0
BRDA:146,10,0,-
DA:147,0
DA:150,0
DA:151,0
DA:159,0
FN:159,StakingContractInitial.getTotalRewards
FNDA:0,StakingContractInitial.getTotalRewards
DA:160,0
DA:167,0
FN:167,StakingContractInitial.updateRewardRate
FNDA:0,StakingContractInitial.updateRewardRate
DA:169,0
DA:172,0
DA:179,0
FN:179,StakingContractInitial.updateMinimumStakeAmount
FNDA:0,StakingContractInitial.updateMinimumStakeAmount
DA:181,0
DA:188,0
FN:188,StakingContractInitial.updateStakingPeriod
FNDA:0,StakingContractInitial.updateStakingPeriod
DA:190,0
DA:197,0
FN:197,StakingContractInitial.emergencyWithdraw
FNDA:0,StakingContractInitial.emergencyWithdraw
DA:201,0
FNF:11
FNH:0
LF:59
LH:0
BRF:21
BRH:0
end_of_record
TN:
SF:test/invariant/SystemInvariants.t.sol
DA:17,3
FN:17,SystemHandler.constructor
FNDA:3,SystemHandler.constructor
DA:18,3
DA:19,3
DA:20,3
DA:21,3
DA:22,3
DA:25,3
DA:26,24
DA:27,24
DA:28,24
DA:29,24
DA:33,1126638
FN:33,SystemHandler._actor
FNDA:1126638,SystemHandler._actor
DA:34,1126638
DA:35,1126638
DA:38,376941
FN:38,SystemHandler.stakeSome
FNDA:376941,SystemHandler.stakeSome
DA:39,376941
DA:40,376941
DA:41,376941
BRDA:41,0,0,117796
DA:42,259145
DA:44,259145
DA:45,259145
DA:46,259145
DA:49,374343
FN:49,SystemHandler.unstakeSome
FNDA:374343,SystemHandler.unstakeSome
DA:50,374343
DA:51,374343
DA:52,374343
BRDA:52,1,0,26236
DA:54,348107
BRDA:54,2,0,205660
DA:57,142447
DA:58,142447
DA:59,142447
BRDA:59,3,0,-
DA:61,142447
DA:62,142447
DA:63,142447
DA:66,375354
FN:66,SystemHandler.claim
FNDA:375354,SystemHandler.claim
DA:67,375354
DA:68,375354
DA:70,375354
BRDA:70,4,0,24663
DA:72,350691
DA:73,350691
BRDA:73,5,0,41263
DA:75,309428
DA:76,309428
DA:77,309428
DA:80,374862
FN:80,SystemHandler.warpTime
FNDA:374862,SystemHandler.warpTime
DA:82,374862
DA:83,374862
FNF:6
FNH:6
LF:45
LH:45
BRF:6
BRH:5
end_of_record
TN:
SF:test/invariant/TotalStakedInvariant.t.sol
DA:16,1
FN:16,TotalStakedHandler.constructor
FNDA:1,TotalStakedHandler.constructor
DA:17,1
DA:18,1
DA:19,1
DA:20,1
DA:23,1
DA:24,10
DA:25,10
DA:26,10
DA:27,10
DA:31,500500
FN:31,TotalStakedHandler._actor
FNDA:500500,TotalStakedHandler._actor
DA:32,500500
DA:33,500500
DA:37,500500
FN:37,TotalStakedHandler.stakeRandom
FNDA:500500,TotalStakedHandler.stakeRandom
DA:38,500500
DA:40,500500
DA:41,500500
BRDA:41,0,0,481920
DA:42,481920
DA:45,18580
DA:47,18580
DA:48,18580
DA:49,18580
FNF:3
FNH:3
LF:22
LH:22
BRF:1
BRH:1
end_of_record
TN:
SF:test/mocks/StakingContractV2.sol
DA:7,1
FN:7,StakingContractV2.version
FNDA:1,StakingContractV2.version
DA:8,1
FNF:1
FNH:1
LF:2
LH:2
BRF:0
BRH:0
end_of_record
