TN:
SF:script/Staking.s.sol
DA:11,0
FN:11,StakingContractScript.setUp
FNDA:0,StakingContractScript.setUp
DA:12,0
DA:15,0
FN:15,StakingContractScript.run
FNDA:0,StakingContractScript.run
DA:16,0
DA:18,0
DA:20,0
FNF:2
FNH:0
LF:6
LH:0
BRF:0
BRH:0
end_of_record
TN:
SF:src/MockERC20.sol
DA:7,53
FN:7,MockERC20.constructor
FNDA:53,MockERC20.constructor
DA:8,53
FNF:1
FNH:1
LF:2
LH:2
BRF:0
BRH:0
end_of_record
TN:
SF:src/StakingContract.sol
DA:78,57
FN:78,StakingContract.constructor
FNDA:57,StakingContract.constructor
DA:79,57
BRDA:79,0,0,1
DA:80,56
BRDA:80,1,0,1
DA:81,55
BRDA:81,2,0,1
DA:82,54
BRDA:82,3,0,1
DA:84,53
DA:85,53
DA:86,53
DA:87,53
DA:88,53
DA:98,13004
FN:98,StakingContract.stake
FNDA:13004,StakingContract.stake
DA:103,13004
DA:104,13004
BRDA:104,4,0,976
DA:106,12028
BRDA:106,5,0,1003
DA:108,1003
DA:109,1003
DA:113,12028
DA:114,12028
DA:115,12028
DA:118,12028
DA:121,12028
DA:122,12026
DA:129,4006
FN:129,StakingContract.unstake
FNDA:4006,StakingContract.unstake
DA:130,4006
DA:132,4006
BRDA:132,6,0,1
DA:134,4005
BRDA:134,7,0,1001
DA:137,3004
DA:138,3004
DA:141,3004
DA:142,3004
DA:145,3004
BRDA:145,8,0,2003
BRDA:145,8,1,1001
DA:146,2003
DA:148,1001
DA:152,3004
DA:155,3004
DA:158,3003
DA:164,5014
FN:164,StakingContract.claimRewards
FNDA:5014,StakingContract.claimRewards
DA:165,5014
DA:167,5014
BRDA:167,9,0,1
DA:170,5013
DA:172,5012
DA:175,5012
BRDA:175,10,0,1
DA:178,5011
DA:179,5011
DA:182,5011
DA:185,5011
DA:186,5011
BRDA:186,11,0,-
DA:188,5011
DA:192,5011
DA:195,5010
DA:203,5014
FN:203,StakingContract.calculateRewards
FNDA:5014,StakingContract.calculateRewards
DA:205,14035
DA:206,14035
BRDA:206,12,0,2
DA:207,2
DA:211,14033
DA:212,14033
DA:214,14033
DA:217,14033
DA:218,14033
DA:221,14033
BRDA:221,13,0,13021
BRDA:221,13,1,1012
DA:222,13021
DA:223,13021
DA:227,1012
DA:228,1012
DA:230,2029
DA:232,1017
DA:234,1017
BRDA:234,14,0,1012
BRDA:234,14,1,5
DA:236,1012
DA:239,5
DA:243,1012
DA:244,1012
DA:247,14033
DA:248,14033
DA:251,14033
DA:252,7
DA:255,7
DA:256,7
DA:257,7
DA:259,7
DA:260,7
DA:265,14033
DA:266,14033
DA:267,14033
DA:270,14031
DA:279,1
FN:279,StakingContract.getTotalRewards
FNDA:1,StakingContract.getTotalRewards
DA:280,1
DA:288,1014
FN:288,StakingContract.updateRewardRate
FNDA:1014,StakingContract.updateRewardRate
DA:289,1013
BRDA:289,15,0,1
DA:290,1012
DA:291,1012
DA:295,1012
DA:303,1003
FN:303,StakingContract.updateMinimumStakeAmount
FNDA:1003,StakingContract.updateMinimumStakeAmount
DA:304,1002
BRDA:304,16,0,1
DA:305,1001
DA:306,1001
DA:314,1002
FN:314,StakingContract.updateStakingPeriod
FNDA:1002,StakingContract.updateStakingPeriod
DA:315,1001
DA:316,1001
DA:325,59
FN:325,StakingContract.fundRewardReserve
FNDA:59,StakingContract.fundRewardReserve
DA:326,59
BRDA:326,17,0,1
DA:328,58
DA:329,58
DA:331,58
DA:340,4
FN:340,StakingContract.withdrawFromRewardReserve
FNDA:4,StakingContract.withdrawFromRewardReserve
DA:341,4
BRDA:341,18,0,1
DA:342,3
BRDA:342,19,0,1
DA:344,2
DA:345,2
BRDA:345,20,0,1
DA:348,1
DA:351,1
DA:352,1
DA:361,2
FN:361,StakingContract.withdrawExcessTokens
FNDA:2,StakingContract.withdrawExcessTokens
DA:362,2
BRDA:362,21,0,-
DA:363,2
BRDA:363,22,0,-
DA:365,2
DA:366,2
DA:368,2
BRDA:368,23,0,1
DA:369,1
DA:371,1
BRDA:371,24,0,1
DA:373,1
DA:374,1
DA:381,3
FN:381,StakingContract.contractBalance
FNDA:3,StakingContract.contractBalance
DA:382,3
DA:389,1006
FN:389,StakingContract.initiateEmergencyWithdraw
FNDA:1006,StakingContract.initiateEmergencyWithdraw
DA:390,1006
DA:391,1006
DA:398,1007
FN:398,StakingContract.emergencyWithdraw
FNDA:1007,StakingContract.emergencyWithdraw
DA:400,1006
DA:401,1006
BRDA:401,25,0,2
DA:404,1004
DA:407,1004
DA:408,1004
DA:409,1004
BRDA:409,26,0,1003
DA:411,1
DA:412,1
DA:413,1
FNF:15
FNH:15
LF:136
LH:136
BRF:30
BRH:27
end_of_record
TN:
SF:src/initial/StakingContractInitial.sol
DA:37,0
FN:37,StakingContractInitial.onlyOwner
FNDA:0,StakingContractInitial.onlyOwner
DA:38,0
BRDA:38,0,0,-
BRDA:38,0,1,-
DA:42,0
FN:42,StakingContractInitial.constructor
FNDA:0,StakingContractInitial.constructor
DA:44,0
DA:45,0
DA:46,0
DA:47,0
DA:48,0
DA:55,0
FN:55,StakingContractInitial.stake
FNDA:0,StakingContractInitial.stake
DA:58,0
BRDA:58,1,0,-
BRDA:58,1,1,-
DA:59,0
BRDA:59,2,0,-
BRDA:59,2,1,-
DA:65,0
DA:67,0
BRDA:67,3,0,-
BRDA:67,3,1,-
DA:69,0
DA:70,0
DA:75,0
DA:76,0
DA:79,0
DA:80,0
DA:82,0
DA:89,0
FN:89,StakingContractInitial.unstake
FNDA:0,StakingContractInitial.unstake
DA:91,0
BRDA:91,4,0,-
BRDA:91,4,1,-
DA:92,0
BRDA:92,5,0,-
BRDA:92,5,1,-
DA:93,0
BRDA:93,6,0,-
BRDA:93,6,1,-
DA:96,0
DA:97,0
DA:100,0
DA:101,0
DA:104,0
BRDA:104,7,0,-
BRDA:104,7,1,-
DA:105,0
DA:106,0
DA:108,0
DA:113,0
DA:114,0
DA:120,0
FN:120,StakingContractInitial.claimRewards
FNDA:0,StakingContractInitial.claimRewards
DA:123,0
BRDA:123,8,0,-
BRDA:123,8,1,-
DA:125,0
DA:126,0
DA:128,0
BRDA:128,9,0,-
BRDA:128,9,1,-
DA:131,0
DA:132,0
DA:136,0
DA:137,0
DA:145,0
FN:145,StakingContractInitial.calculateRewards
FNDA:0,StakingContractInitial.calculateRewards
DA:146,0
BRDA:146,10,0,-
DA:147,0
DA:150,0
DA:151,0
DA:159,0
FN:159,StakingContractInitial.getTotalRewards
FNDA:0,StakingContractInitial.getTotalRewards
DA:160,0
DA:167,0
FN:167,StakingContractInitial.updateRewardRate
FNDA:0,StakingContractInitial.updateRewardRate
DA:169,0
DA:172,0
DA:179,0
FN:179,StakingContractInitial.updateMinimumStakeAmount
FNDA:0,StakingContractInitial.updateMinimumStakeAmount
DA:181,0
DA:188,0
FN:188,StakingContractInitial.updateStakingPeriod
FNDA:0,StakingContractInitial.updateStakingPeriod
DA:190,0
DA:197,0
FN:197,StakingContractInitial.emergencyWithdraw
FNDA:0,StakingContractInitial.emergencyWithdraw
DA:201,0
FNF:11
FNH:0
LF:59
LH:0
BRF:21
BRH:0
end_of_record
TN:
SF:test/invariant/TotalStakedInvariant.t.sol
DA:15,0
FN:15,TotalStakedHandler.constructor
FNDA:0,TotalStakedHandler.constructor
DA:16,0
DA:17,0
DA:18,0
DA:19,0
DA:22,0
DA:23,0
DA:24,0
DA:25,0
DA:26,0
DA:30,0
FN:30,TotalStakedHandler._actor
FNDA:0,TotalStakedHandler._actor
DA:31,0
DA:32,0
DA:36,0
FN:36,TotalStakedHandler.stakeRandom
FNDA:0,TotalStakedHandler.stakeRandom
DA:37,0
DA:39,0
DA:40,0
BRDA:40,0,0,-
DA:41,0
DA:44,0
DA:46,0
DA:47,0
DA:48,0
FNF:3
FNH:0
LF:22
LH:0
BRF:1
BRH:0
end_of_record
